<?xml version="1.0" encoding="UTF-8"?>
<!-- Generated by org.testng.reporters.JUnitReportReporter -->
<testsuite skipped="0" hostname="L38876WIN" name="com.test.controller.Runner2" tests="1" failures="0" timestamp="2020-05-17T21:21:33 IST" time="102.193" errors="0">
  <testcase name="start" time="102.193" classname="com.test.controller.Runner2"/>
</testsuite> <!-- com.test.controller.Runner2 -->
