<?xml version="1.0" encoding="UTF-8"?>
<!-- Generated by org.testng.reporters.JUnitReportReporter -->
<testsuite hostname="L38876WIN" name="com.test.controller.Runner2" tests="1" failures="0" timestamp="17 May 2020 03:01:07 GMT" time="2.045" errors="0">
  <testcase name="start" time="2.045" classname="com.test.controller.Runner2"/>
</testsuite> <!-- com.test.controller.Runner2 -->
